<?xml version="1.0" encoding="UTF-8"?>
<testng-results ignored="0" total="1" passed="1" failed="0" skipped="0">
  <reporter-output>
  </reporter-output>
  <suite started-at="2022-02-19T18:38:18Z" name="Default suite" finished-at="2022-02-19T18:38:24Z" duration-ms="5548">
    <groups>
    </groups>
    <test started-at="2022-02-19T18:38:18Z" name="Default test" finished-at="2022-02-19T18:38:24Z" duration-ms="5548">
      <class name="org.selenium.FirstTest">
        <test-method signature="dummyTest()[pri:0, instance:org.selenium.FirstTest@5552768b]" started-at="2022-02-19T18:38:18Z" name="dummyTest" finished-at="2022-02-19T18:38:24Z" duration-ms="5519" status="PASS">
          <reporter-output>
          </reporter-output>
        </test-method> <!-- dummyTest -->
      </class> <!-- org.selenium.FirstTest -->
    </test> <!-- Default test -->
  </suite> <!-- Default suite -->
</testng-results>
